This is XeTeX, Version 3.141592653-2.6-0.999997 (TeX Live 2025) (preloaded format=xelatex 2025.3.8)  17 NOV 2025 16:50
entering extended mode
 restricted \write18 enabled.
 %&-line parsing enabled.
**THE_MAKTABIAN_CHRONICLES_FINAL.tex
(./THE_MAKTABIAN_CHRONICLES_FINAL.tex
LaTeX2e <2024-11-01> patch level 2
L3 programming layer <2025-01-18>
(/usr/local/texlive/2025basic/texmf-dist/tex/latex/memoir/memoir.cls
Document Class: memoir 2025/03/06 v3.8.3 configurable book, report, article doc
ument class
(/usr/local/texlive/2025basic/texmf-dist/tex/latex/xpatch/xpatch.sty (/usr/loca
l/texlive/2025basic/texmf-dist/tex/latex/l3kernel/expl3.sty
Package: expl3 2025-01-18 L3 programming layer (loader) 

(/usr/local/texlive/2025basic/texmf-dist/tex/latex/l3backend/l3backend-xetex.de
f
File: l3backend-xetex.def 2024-05-08 L3 backend support: XeTeX
\g__graphics_track_int=\count192
\l__pdf_internal_box=\box52
\g__pdf_backend_annotation_int=\count193
\g__pdf_backend_link_int=\count194
))
Package: xpatch 2020/03/25 v0.3a Extending etoolbox patching commands

(/usr/local/texlive/2025basic/texmf-dist/tex/latex/l3packages/xparse/xparse.sty
Package: xparse 2024-08-16 L3 Experimental document command parser
) (/usr/local/texlive/2025basic/texmf-dist/tex/latex/etoolbox/etoolbox.sty
Package: etoolbox 2025/02/11 v2.5l e-TeX tools for LaTeX (JAW)
\etb@tempcnta=\count195
))
\onelineskip=\skip49
\lxvchars=\skip50
\xlvchars=\skip51
\@memcnta=\count196
\c@@memmarkcntra=\count197
(/usr/local/texlive/2025basic/texmf-dist/tex/generic/iftex/iftex.sty
Package: iftex 2024/12/12 v1.0g TeX engine tests
)
\trimtop=\skip52
\trimedge=\skip53
(/usr/local/texlive/2025basic/texmf-dist/tex/latex/memoir/mem12.clo
File: mem12.clo 2022/07/29 v0.5 memoir class 12pt size option
)
\binding=\skip54
\spinemargin=\skip55
\foremargin=\skip56
\uppermargin=\skip57
\lowermargin=\skip58
\headdrop=\skip59
\normalrulethickness=\skip60
\mem@maxheadheight=\skip61
\mem@maxfootheight=\skip62
\headwidth=\skip63
\c@storedpagenumber=\count198
\memPD=\dimen141
\m@mabparskip=\skip64
\thanksmarkwidth=\skip65
\thanksmarksep=\skip66
\droptitle=\skip67
\c@book=\count199
\c@part=\count266
\c@chapter=\count267
\c@section=\count268
\c@subsection=\count269
\c@subsubsection=\count270
\c@paragraph=\count271
\c@subparagraph=\count272
\beforechapskip=\skip68
\midchapskip=\skip69
\afterchapskip=\skip70
\chapindent=\skip71
\bottomsectionskip=\skip72
\secindent=\skip73
\beforesecskip=\skip74
\aftersecskip=\skip75
\subsecindent=\skip76
\beforesubsecskip=\skip77
\aftersubsecskip=\skip78
\subsubsecindent=\skip79
\beforesubsubsecskip=\skip80
\aftersubsubsecskip=\skip81
\paraindent=\skip82
\beforeparaskip=\skip83
\afterparaskip=\skip84
\subparaindent=\skip85
\beforesubparaskip=\skip86
\aftersubparaskip=\skip87
\pfbreakskip=\skip88
\c@@ppsavesec=\count273
\c@@ppsaveapp=\count274
\ragrparindent=\dimen142
\everylistparindent=\dimen143
\parsepi=\skip89
\topsepi=\skip90
\itemsepi=\skip91
\parsepii=\skip92
\topsepii=\skip93
\topsepiii=\skip94
\itemsepii=\skip95
\itemsepiii=\skip96
\partopsepii=\skip97
\partopsepiii=\skip98
\m@msavetopsep=\skip99
\m@msavepartopsep=\skip100
\@enLab=\toks17
\abstitleskip=\skip101
\absleftindent=\skip102
\abs@leftindent=\dimen144
\absrightindent=\skip103
\absparindent=\skip104
\absparsep=\skip105
\c@vslineno=\count275
\c@poemline=\count276
\c@modulo@vs=\count277
\c@memfvsline=\count278
\vleftskip=\skip106
\vrightskip=\skip107
\stanzaskip=\skip108
\versewidth=\skip109
\vgap=\skip110
\vindent=\skip111
\vleftmargin=\dimen145
\c@verse=\count279
\c@chrsinstr=\count280
\beforepoemtitleskip=\skip112
\afterpoemtitleskip=\skip113
\c@poem=\count281
\beforePoemTitleskip=\skip114
\midPoemTitleskip=\skip115
\afterPoemTitleskip=\skip116
(/usr/local/texlive/2025basic/texmf-dist/tex/latex/tools/array.sty
Package: array 2024/10/17 v2.6g Tabular extension package (FMi)
\col@sep=\dimen146
\ar@mcellbox=\box53
\extrarowheight=\dimen147
\NC@list=\toks18
\extratabsurround=\skip117
\backup@length=\skip118
\ar@cellbox=\box54
) (/usr/local/texlive/2025basic/texmf-dist/tex/latex/tools/dcolumn.sty
Package: dcolumn 2023/07/08 v1.06 decimal alignment package (DPC)
) (/usr/local/texlive/2025basic/texmf-dist/tex/latex/tools/delarray.sty
Package: delarray 2014/10/28 v1.01 array delimiter package (DPC)
) (/usr/local/texlive/2025basic/texmf-dist/tex/latex/tools/tabularx.sty
Package: tabularx 2023/12/11 v2.12a `tabularx' package (DPC)
\TX@col@width=\dimen148
\TX@old@table=\dimen149
\TX@old@col=\dimen150
\TX@target=\dimen151
\TX@delta=\dimen152
\TX@cols=\count282
\TX@ftn=\toks19
) (/usr/local/texlive/2025basic/texmf-dist/tex/latex/booktabs/booktabs.sty
Package: booktabs 2020/01/12 v1.61803398 Publication quality tables
\heavyrulewidth=\dimen153
\lightrulewidth=\dimen154
\cmidrulewidth=\dimen155
\belowrulesep=\dimen156
\belowbottomsep=\dimen157
\aboverulesep=\dimen158
\abovetopsep=\dimen159
\cmidrulesep=\dimen160
\cmidrulekern=\dimen161
\defaultaddspace=\dimen162
\@cmidla=\count283
\@cmidlb=\count284
\@aboverulesep=\dimen163
\@belowrulesep=\dimen164
\@thisruleclass=\count285
\@lastruleclass=\count286
\@thisrulewidth=\dimen165
)
\ctableftskip=\skip119
\ctabrightskip=\skip120
\abovecolumnspenalty=\count287
\@linestogo=\count288
\@cellstogo=\count289
\@cellsincolumn=\count290
\crtok=\toks20
\@mincolumnwidth=\dimen166
\c@newflo@tctr=\count291
\mem@margin@floatbox=\box55
\@contcwidth=\skip121
\@contindw=\skip122
\abovecaptionskip=\skip123
\belowcaptionskip=\skip124
\subfloattopskip=\skip125
\subfloatcapskip=\skip126
\subfloatcaptopadj=\skip127
\subfloatbottomskip=\skip128
\subfloatlabelskip=\skip129
\subfloatcapmargin=\dimen167
\c@@contsubnum=\count292
\m@mscap@capbox=\box56
\m@mscap@fbox=\box57
\sidecapsep=\dimen168
\sidecapwidth=\dimen169
\m@m@tempdima=\dimen170
\m@mscapraise=\dimen171
\sidecapraise=\dimen172
\m@mscapmainwidth=\dimen173
\m@mscaplkern=\dimen174
\beforeepigraphskip=\skip130
\afterepigraphskip=\skip131
\epigraphwidth=\skip132
\epigraphrule=\skip133
LaTeX Info: Redefining \em on input line 7017.
LaTeX Info: Redefining \emph on input line 7025.
(/usr/local/texlive/2025basic/texmf-dist/tex/latex/hyperref/nameref.sty
Package: nameref 2023-11-26 v2.56 Cross-referencing by name of section
(/usr/local/texlive/2025basic/texmf-dist/tex/latex/refcount/refcount.sty
Package: refcount 2019/12/15 v3.6 Data extraction from label references (HO)
(/usr/local/texlive/2025basic/texmf-dist/tex/generic/ltxcmds/ltxcmds.sty
Package: ltxcmds 2023-12-04 v1.26 LaTeX kernel commands for general use (HO)
) (/usr/local/texlive/2025basic/texmf-dist/tex/generic/infwarerr/infwarerr.sty
Package: infwarerr 2019/12/03 v1.5 Providing info/warning/error messages (HO)
))
(/usr/local/texlive/2025basic/texmf-dist/tex/generic/gettitlestring/gettitlestr
ing.sty
Package: gettitlestring 2019/12/15 v1.6 Cleanup title references (HO)
(/usr/local/texlive/2025basic/texmf-dist/tex/latex/kvoptions/kvoptions.sty
Package: kvoptions 2022-06-15 v3.15 Key value format for package options (HO)
(/usr/local/texlive/2025basic/texmf-dist/tex/latex/graphics/keyval.sty
Package: keyval 2022/05/29 v1.15 key=value parser (DPC)
\KV@toks@=\toks21
) (/usr/local/texlive/2025basic/texmf-dist/tex/latex/kvsetkeys/kvsetkeys.sty
Package: kvsetkeys 2022-10-05 v1.19 Key value parser (HO)
)))
\c@section@level=\count293
)
\tocentryskip=\skip134
\tocbaseline=\skip135
\cftparskip=\skip136
\cftbeforebookskip=\skip137
\cftbookindent=\dimen175
\cftbooknumwidth=\dimen176
\cftbeforepartskip=\skip138
\cftpartindent=\skip139
\cftpartnumwidth=\skip140
\cftbeforechapterskip=\skip141
\cftchapterindent=\skip142
\cftchapternumwidth=\skip143
\cftbeforesectionskip=\skip144
\cftsectionindent=\skip145
\cftsectionnumwidth=\skip146
\cftbeforesubsectionskip=\skip147
\cftsubsectionindent=\skip148
\cftsubsectionnumwidth=\skip149
\cftbeforesubsubsectionskip=\skip150
\cftsubsubsectionindent=\skip151
\cftsubsubsectionnumwidth=\skip152
\cftbeforeparagraphskip=\skip153
\cftparagraphindent=\skip154
\cftparagraphnumwidth=\skip155
\cftbeforesubparagraphskip=\skip156
\cftsubparagraphindent=\skip157
\cftsubparagraphnumwidth=\skip158
\prechapterprecisshift=\dimen177
\c@maxsecnumdepth=\count294
\bibindent=\dimen178
\bibitemsep=\skip159
\indexcolsep=\skip160
\indexrule=\skip161
\indexmarkstyle=\toks22
\@indexbox=\insert252
LaTeX Info: Redefining \raggedbottom on input line 8107.
LaTeX Info: Redefining \flushbottom on input line 8111.
\glossarycolsep=\dimen179
\glossaryrule=\dimen180
\sideparvshift=\skip162
\sideins=\insert251
\sidebartopsep=\skip163
\sidebarhsep=\skip164
\sidebarvsep=\skip165
\sidebarwidth=\skip166
\footmarkwidth=\skip167
\footmarksep=\skip168
\footparindent=\skip169
\footinsdim=\skip170
\footinsv@r=\insert250
\@mpfootinsv@r=\insert249
\m@m@k=\count295
\m@m@h=\dimen181
\m@mipn@skip=\skip171
\sidefootins=\insert248
\sidefootadjust=\skip172
\sidefootheight=\skip173
\sidefoothsep=\skip174
\sidefootvsep=\skip175
\sidefootwidth=\skip176
\m@mdownsf=\skip177
\c@sidefootnote=\count296
\sidefootmarkwidth=\skip178
\sidefootmarksep=\skip179
\sidefootparindent=\skip180
\c@pagenote=\count297
\c@pagenoteshadow=\count298
\mem@pn@lastkern=\skip181
(/usr/local/texlive/2025basic/texmf-dist/tex/latex/tools/verbatim.sty
Package: verbatim 2024-01-22 v1.5x LaTeX2e package for verbatim enhancements
\every@verbatim=\toks23
\verbatim@line=\toks24
\verbatim@in@stream=\read2
)
\verbatimindent=\skip182
\verbatim@out=\write3
(/usr/local/texlive/2025basic/texmf-dist/tex/latex/base/shortvrb.sty
Package: shortvrb 2024/10/23 v3.0q Standard LaTeX documentation package V3 (FMi
)
)
\bvboxsep=\skip183
\c@memfbvline=\count299
\c@bvlinectr=\count300
\bvnumlength=\skip184
\fb@frw=\dimen182
\fb@frh=\dimen183
\FrameRule=\dimen184
\FrameSep=\dimen185
\c@cp@cntr=\count301
\c@ism@mctr=\count302
\c@xsm@mctr=\count303
\c@csm@mctr=\count304
\c@ksm@mctr=\count305
\c@xksm@mctr=\count306
\c@cksm@mctr=\count307
\c@msm@mctr=\count308
\c@xmsm@mctr=\count309
\c@cmsm@mctr=\count310
\c@bsm@mctr=\count311
\c@workm@mctr=\count312
\c@sheetsequence=\count313
\c@lastsheet=\count314
\c@lastpage=\count315
(/usr/local/texlive/2025basic/texmf-dist/tex/latex/textcase/textcase.sty
Package: textcase 2025/02/16 v1.05 Text only upper/lower case changing (DPC)
Package textcase Info: Defining Legacy names on input line 20.
)
\c@figure=\count316
\c@lofdepth=\count317
\cftbeforefigureskip=\skip185
\cftfigureindent=\skip186
\cftfigurenumwidth=\skip187
\c@table=\count318
\c@lotdepth=\count319
\cftbeforetableskip=\skip188
\cfttableindent=\skip189
\cfttablenumwidth=\skip190
Package abstract [2008/07/23] emulated by memoir.
Package appendix [2008/07/23] emulated by memoir.
Package ccaption [2008/07/23] emulated by memoir.
Package changepage [2008/07/23] emulated by memoir.
Package chngcntr [2008/07/23] emulated by memoir.
Package chngpage [2008/07/23] emulated by memoir.
Package crop emulated by memoir.
Package enumerate [2008/07/23] emulated by memoir.
Package epigraph [2008/07/23] emulated by memoir.
Package ifmtarg [2008/07/23] emulated by memoir.
Package index [2008/07/23] emulated by memoir.
Package makeidx [2008/07/23] emulated by memoir.
Package moreverb [2008/07/23] emulated by memoir.
Package needspace [2008/07/23] emulated by memoir.
Package newfile [2008/07/23] emulated by memoir.
Package nextpage [2008/07/23] emulated by memoir.
Package pagenote [2008/07/23] emulated by memoir.
Package parskip [2008/07/23] emulated by memoir.
Package patchcmd [2008/07/23] emulated by memoir.
Package setspace [2008/07/23] emulated by memoir.
Package showidx [2008/07/23] emulated by memoir.
Package titleref [2008/07/23] emulated by memoir.
Package titling [2008/07/23] emulated by memoir.
Package tocbibind [2008/07/23] emulated by memoir.
Package tocloft [2008/07/23] emulated by memoir.
Package tocvsec2 [2008/07/23] emulated by memoir.
Package verse [2008/07/23] emulated by memoir.
) (/usr/local/texlive/2025basic/texmf-dist/tex/latex/fontspec/fontspec.sty
Package: fontspec 2024/05/11 v2.9e Font selection for XeLaTeX and LuaLaTeX
(/usr/local/texlive/2025basic/texmf-dist/tex/latex/fontspec/fontspec-xetex.sty
Package: fontspec-xetex 2024/05/11 v2.9e Font selection for XeLaTeX and LuaLaTe
X
\l__fontspec_script_int=\count320
\l__fontspec_language_int=\count321
\l__fontspec_strnum_int=\count322
\l__fontspec_tmp_int=\count323
\l__fontspec_tmpa_int=\count324
\l__fontspec_tmpb_int=\count325
\l__fontspec_tmpc_int=\count326
\l__fontspec_em_int=\count327
\l__fontspec_emdef_int=\count328
\l__fontspec_strong_int=\count329
\l__fontspec_strongdef_int=\count330
\l__fontspec_tmpa_dim=\dimen186
\l__fontspec_tmpb_dim=\dimen187
\l__fontspec_tmpc_dim=\dimen188
(/usr/local/texlive/2025basic/texmf-dist/tex/latex/base/fontenc.sty
Package: fontenc 2021/04/29 v2.0v Standard LaTeX package
) (/usr/local/texlive/2025basic/texmf-dist/tex/latex/fontspec/fontspec.cfg))) (
/usr/local/texlive/2025basic/texmf-dist/tex/latex/microtype/microtype.sty
Package: microtype 2025/02/11 v3.2a Micro-typographical refinements (RS)
\MT@toks=\toks25
\MT@tempbox=\box58
\MT@count=\count331
LaTeX Info: Redefining \noprotrusionifhmode on input line 1087.
LaTeX Info: Redefining \leftprotrusion on input line 1088.
\MT@prot@toks=\toks26
LaTeX Info: Redefining \rightprotrusion on input line 1107.
LaTeX Info: Redefining \textls on input line 1449.
\MT@outer@kern=\dimen189
LaTeX Info: Redefining \microtypecontext on input line 2053.
LaTeX Info: Redefining \textmicrotypecontext on input line 2070.
\MT@listname@count=\count332

(/usr/local/texlive/2025basic/texmf-dist/tex/latex/microtype/microtype-xetex.de
f
File: microtype-xetex.def 2025/02/11 v3.2a Definitions specific to xetex (RS)
LaTeX Info: Redefining \lsstyle on input line 443.
LaTeX Info: Redefining \lslig on input line 451.
\MT@outer@space=\skip191
)
Package microtype Info: Loading configuration file microtype.cfg.
(/usr/local/texlive/2025basic/texmf-dist/tex/latex/microtype/microtype.cfg
File: microtype.cfg 2025/02/11 v3.2a microtype main configuration file (RS)
)
LaTeX Info: Redefining \microtypesetup on input line 3065.
) (/usr/local/texlive/2025basic/texmf-dist/tex/latex/graphics/graphicx.sty
Package: graphicx 2021/09/16 v1.2d Enhanced LaTeX Graphics (DPC,SPQR)
(/usr/local/texlive/2025basic/texmf-dist/tex/latex/graphics/graphics.sty
Package: graphics 2024/08/06 v1.4g Standard LaTeX Graphics (DPC,SPQR)
(/usr/local/texlive/2025basic/texmf-dist/tex/latex/graphics/trig.sty
Package: trig 2023/12/02 v1.11 sin cos tan (DPC)
) (/usr/local/texlive/2025basic/texmf-dist/tex/latex/graphics-cfg/graphics.cfg
File: graphics.cfg 2016/06/04 v1.11 sample graphics configuration
)
Package graphics Info: Driver file: xetex.def on input line 106.
(/usr/local/texlive/2025basic/texmf-dist/tex/latex/graphics-def/xetex.def
File: xetex.def 2022/09/22 v5.0n Graphics/color driver for xetex
))
\Gin@req@height=\dimen190
\Gin@req@width=\dimen191
) (/usr/local/texlive/2025basic/texmf-dist/tex/latex/xcolor/xcolor.sty
Package: xcolor 2024/09/29 v3.02 LaTeX color extensions (UK)
(/usr/local/texlive/2025basic/texmf-dist/tex/latex/graphics-cfg/color.cfg
File: color.cfg 2016/01/02 v1.6 sample color configuration
)
Package xcolor Info: Driver file: xetex.def on input line 274.
(/usr/local/texlive/2025basic/texmf-dist/tex/latex/graphics/mathcolor.ltx)
Package xcolor Info: Model `cmy' substituted by `cmy0' on input line 1349.
Package xcolor Info: Model `RGB' extended on input line 1365.
Package xcolor Info: Model `HTML' substituted by `rgb' on input line 1367.
Package xcolor Info: Model `Hsb' substituted by `hsb' on input line 1368.
Package xcolor Info: Model `tHsb' substituted by `hsb' on input line 1369.
Package xcolor Info: Model `HSB' substituted by `hsb' on input line 1370.
Package xcolor Info: Model `Gray' substituted by `gray' on input line 1371.
Package xcolor Info: Model `wave' substituted by `hsb' on input line 1372.
) (/usr/local/texlive/2025basic/texmf-dist/tex/latex/base/textcomp.sty
Package: textcomp 2024/04/24 v2.1b Standard LaTeX package
)

! Class memoir Error: \headheight (29.0pt) and/or \headsep (29.0pt) are too lar
ge for \uppermargin (54.2025pt) by 3.7975pt.

See the memoir class documentation for explanation.
Type  H <return>  for immediate help.
 ...                                              
                                                  
l.34 
     
You're in trouble here.  Try typing  <return>  to proceed.
If that doesn't work, type  X <return>  to quit.


******************************************************
Stock height and width: 650.43pt by 433.62pt
Top and edge trims: 0pt and 0pt
Page height and width: 650.43pt by 433.62pt
Text height and width: 548.5pt by 325pt
Spine and edge margins: 54.2025pt and 54.2025pt
Upper and lower margins: 54.2025pt and 47.7275pt
Headheight and headsep: 29pt and 29pt
Footskip: 29pt
Columnsep and columnseprule: 10pt and 0pt
Marginparsep and marginparwidth: 7pt and 40.2025pt
Sidecapsep and sidecapwidth: 7pt and 102pt
Sidebarhsep and sidebarwidth: 7pt and 102pt
Sidebarvsep and sidebartopsep: 14.5pt and 0pt
Sidebarheight: 546.64995pt
Sidefoothsep and sidefootwidth: 7pt and 102pt
Sidefootvsep and sidefootheight: 14.5pt and 546.64995pt
******************************************************


Package fontspec Info: 
(fontspec)             Font family 'Palatino(0)' created for font 'Palatino'
(fontspec)             with options [Ligatures=TeX].
(fontspec)              
(fontspec)              This font family consists of the following NFSS
(fontspec)             series/shapes:
(fontspec)              
(fontspec)             - 'normal' (m/n) with NFSS spec.:
(fontspec)             <->"Palatino/AAT:mapping=tex-text;"
(fontspec)             - 'bold' (b/n) with NFSS spec.:
(fontspec)             <->"Palatino/B/AAT:mapping=tex-text;"
(fontspec)             - 'italic' (m/it) with NFSS spec.:
(fontspec)             <->"Palatino/I/AAT:mapping=tex-text;"
(fontspec)             - 'bold italic' (b/it) with NFSS spec.:
(fontspec)             <->"Palatino/BI/AAT:mapping=tex-text;"

(./THE_MAKTABIAN_CHRONICLES_FINAL.aux)
\openout1 = `THE_MAKTABIAN_CHRONICLES_FINAL.aux'.

LaTeX Font Info:    Checking defaults for OML/cmm/m/it on input line 175.
LaTeX Font Info:    ... okay on input line 175.
LaTeX Font Info:    Checking defaults for OMS/cmsy/m/n on input line 175.
LaTeX Font Info:    ... okay on input line 175.
LaTeX Font Info:    Checking defaults for OT1/cmr/m/n on input line 175.
LaTeX Font Info:    ... okay on input line 175.
LaTeX Font Info:    Checking defaults for T1/cmr/m/n on input line 175.
LaTeX Font Info:    ... okay on input line 175.
LaTeX Font Info:    Checking defaults for TS1/cmr/m/n on input line 175.
LaTeX Font Info:    ... okay on input line 175.
LaTeX Font Info:    Checking defaults for TU/lmr/m/n on input line 175.
LaTeX Font Info:    ... okay on input line 175.
LaTeX Font Info:    Checking defaults for OMX/cmex/m/n on input line 175.
LaTeX Font Info:    ... okay on input line 175.
LaTeX Font Info:    Checking defaults for U/cmr/m/n on input line 175.
LaTeX Font Info:    ... okay on input line 175.

Package fontspec Info: 
(fontspec)             Adjusting the maths setup (use [no-math] to avoid
(fontspec)             this).

\symlegacymaths=\mathgroup4
LaTeX Font Info:    Overwriting symbol font `legacymaths' in version `bold'
(Font)                  OT1/cmr/m/n --> OT1/cmr/bx/n on input line 175.
LaTeX Font Info:    Redeclaring math accent \acute on input line 175.
LaTeX Font Info:    Redeclaring math accent \grave on input line 175.
LaTeX Font Info:    Redeclaring math accent \ddot on input line 175.
LaTeX Font Info:    Redeclaring math accent \tilde on input line 175.
LaTeX Font Info:    Redeclaring math accent \bar on input line 175.
LaTeX Font Info:    Redeclaring math accent \breve on input line 175.
LaTeX Font Info:    Redeclaring math accent \check on input line 175.
LaTeX Font Info:    Redeclaring math accent \hat on input line 175.
LaTeX Font Info:    Redeclaring math accent \dot on input line 175.
LaTeX Font Info:    Redeclaring math accent \mathring on input line 175.
LaTeX Font Info:    Redeclaring math symbol \colon on input line 175.
LaTeX Font Info:    Redeclaring math symbol \Gamma on input line 175.
LaTeX Font Info:    Redeclaring math symbol \Delta on input line 175.
LaTeX Font Info:    Redeclaring math symbol \Theta on input line 175.
LaTeX Font Info:    Redeclaring math symbol \Lambda on input line 175.
LaTeX Font Info:    Redeclaring math symbol \Xi on input line 175.
LaTeX Font Info:    Redeclaring math symbol \Pi on input line 175.
LaTeX Font Info:    Redeclaring math symbol \Sigma on input line 175.
LaTeX Font Info:    Redeclaring math symbol \Upsilon on input line 175.
LaTeX Font Info:    Redeclaring math symbol \Phi on input line 175.
LaTeX Font Info:    Redeclaring math symbol \Psi on input line 175.
LaTeX Font Info:    Redeclaring math symbol \Omega on input line 175.
LaTeX Font Info:    Redeclaring math symbol \mathdollar on input line 175.
LaTeX Font Info:    Redeclaring symbol font `operators' on input line 175.
LaTeX Font Info:    Encoding `OT1' has changed to `TU' for symbol font
(Font)              `operators' in the math version `normal' on input line 175.

LaTeX Font Info:    Overwriting symbol font `operators' in version `normal'
(Font)                  OT1/cmr/m/n --> TU/Palatino(0)/m/n on input line 175.
LaTeX Font Info:    Encoding `OT1' has changed to `TU' for symbol font
(Font)              `operators' in the math version `bold' on input line 175.
LaTeX Font Info:    Overwriting symbol font `operators' in version `bold'
(Font)                  OT1/cmr/bx/n --> TU/Palatino(0)/m/n on input line 175.
LaTeX Font Info:    Overwriting symbol font `operators' in version `normal'
(Font)                  TU/Palatino(0)/m/n --> TU/Palatino(0)/m/n on input line
 175.
LaTeX Font Info:    Overwriting math alphabet `\mathit' in version `normal'
(Font)                  OT1/cmr/m/it --> TU/Palatino(0)/m/it on input line 175.

LaTeX Font Info:    Overwriting math alphabet `\mathbf' in version `normal'
(Font)                  OT1/cmr/bx/n --> TU/Palatino(0)/b/n on input line 175.
LaTeX Font Info:    Overwriting math alphabet `\mathsf' in version `normal'
(Font)                  OT1/cmss/m/n --> TU/lmss/m/n on input line 175.
LaTeX Font Info:    Overwriting math alphabet `\mathtt' in version `normal'
(Font)                  OT1/cmtt/m/n --> TU/lmtt/m/n on input line 175.
LaTeX Font Info:    Overwriting symbol font `operators' in version `bold'
(Font)                  TU/Palatino(0)/m/n --> TU/Palatino(0)/b/n on input line
 175.
LaTeX Font Info:    Overwriting math alphabet `\mathit' in version `bold'
(Font)                  OT1/cmr/bx/it --> TU/Palatino(0)/b/it on input line 175
.
LaTeX Font Info:    Overwriting math alphabet `\mathsf' in version `bold'
(Font)                  OT1/cmss/bx/n --> TU/lmss/b/n on input line 175.
LaTeX Font Info:    Overwriting math alphabet `\mathtt' in version `bold'
(Font)                  OT1/cmtt/m/n --> TU/lmtt/b/n on input line 175.
LaTeX Info: Redefining \microtypecontext on input line 175.
Package microtype Info: Applying patch `item' on input line 175.
Package microtype Info: Applying patch `toc' on input line 175.
Package microtype Info: Applying patch `eqnum' on input line 175.
Package microtype Info: Applying patch `footnote' on input line 175.
Package microtype Info: Applying patch `verbatim' on input line 175.
LaTeX Info: Redefining \microtypesetup on input line 175.
Package microtype Info: Character protrusion enabled (level 2).
Package microtype Info: Using default protrusion set `alltext'.
Package microtype Info: No adjustment of tracking.
Package microtype Info: No adjustment of spacing.
Package microtype Info: No adjustment of kerning.
(/usr/local/texlive/2025basic/texmf-dist/tex/latex/microtype/mt-Palatino.cfg
File: mt-Palatino.cfg 2012/03/10 v1.0 microtype config. file: Palatino and simi
lar fonts (LBD)
)
Package microtype Info: Character `Ꜳ' is missing
(microtype)             in font `\TU/Palatino(0)/m/n/12'.
(microtype)             Ignoring protrusion settings for this character.
Package microtype Info: Character `Ỻ' is missing
(microtype)             in font `\TU/Palatino(0)/m/n/12'.
(microtype)             Ignoring protrusion settings for this character.
Package microtype Info: Character `ớ' is missing
(microtype)             in font `\TU/Palatino(0)/m/n/12'.
(microtype)             Ignoring protrusion settings for this character.
Package microtype Info: Character `\textservicemark ' is missing
(microtype)             in font `\TU/Palatino(0)/m/n/12'.
(microtype)             Ignoring protrusion settings for this character.
Package microtype Info: Character `\textservicemark ' is missing
(microtype)             in font `\TU/Palatino(0)/m/n/24.88'.
(microtype)             Ignoring protrusion settings for this character.
Package microtype Info: Character `\textservicemark ' is missing
(microtype)             in font `\TU/Palatino(0)/m/n/14.4'.
(microtype)             Ignoring protrusion settings for this character.
Package microtype Info: Character `\textservicemark ' is missing
(microtype)             in font `\TU/Palatino(0)/m/n/10.95'.
(microtype)             Ignoring protrusion settings for this character.


[1


]

[2

]

[3]

[4

]
Package microtype Info: Character `\textservicemark ' is missing
(microtype)             in font `\TU/Palatino(0)/m/n/20.74'.
(microtype)             Ignoring protrusion settings for this character.

Underfull \hbox (badness 1635) in paragraph at lines 256--257
\TU/Palatino(0)/m/n/12 Muslim merchants in Ottoman Baghdad to cosmopolitan
 []



[5


]

[6

] (./THE_MAKTABIAN_CHRONICLES_FINAL.toc
Package microtype Info: Character `\textservicemark ' is missing
(microtype)             in font `\TU/Palatino(0)/b/n/12'.
(microtype)             Ignoring protrusion settings for this character.
Package microtype Info: Character `\textservicemark ' is missing
(microtype)             in font `\TU/Palatino(0)/m/n/8'.
(microtype)             Ignoring protrusion settings for this character.
Package microtype Info: Character `\textservicemark ' is missing
(microtype)             in font `\TU/Palatino(0)/m/n/6'.
(microtype)             Ignoring protrusion settings for this character.
LaTeX Font Info:    External font `cmex10' loaded for size
(Font)              <12> on input line 1.
LaTeX Font Info:    External font `cmex10' loaded for size
(Font)              <8> on input line 1.
LaTeX Font Info:    External font `cmex10' loaded for size
(Font)              <6> on input line 1.
(/usr/local/texlive/2025basic/texmf-dist/tex/latex/microtype/mt-cmr.cfg
File: mt-cmr.cfg 2013/05/19 v2.2 microtype config. file: Computer Modern Roman 
(RS)
)
Package microtype Info: Character `\textservicemark ' is missing
(microtype)             in font `\TU/Palatino(0)/b/n/14.4'.
(microtype)             Ignoring protrusion settings for this character.
Package microtype Info: Character `\textservicemark ' is missing
(microtype)             in font `\TU/Palatino(0)/m/n/10'.
(microtype)             Ignoring protrusion settings for this character.
Package microtype Info: Character `\textservicemark ' is missing
(microtype)             in font `\TU/Palatino(0)/m/n/7'.
(microtype)             Ignoring protrusion settings for this character.
LaTeX Font Info:    External font `cmex10' loaded for size
(Font)              <14.4> on input line 2.
LaTeX Font Info:    External font `cmex10' loaded for size
(Font)              <7> on input line 2.


[7]
Overfull \hbox (4.40858pt too wide) detected at line 26
\TU/Palatino(0)/b/n/14.4 VII 
 []



[8])

[9]

[10

]
Package microtype Info: Character `\textservicemark ' is missing
(microtype)             in font `\TU/Palatino(0)/m/n/17.28'.
(microtype)             Ignoring protrusion settings for this character.

LaTeX Font Warning: Font shape `TU/Palatino(0)/m/sc' undefined
(Font)              using `TU/Palatino(0)/m/n' instead on input line 281.

Package microtype Info: Character `\textservicemark ' is missing
(microtype)             in font `\TU/Palatino(0)/m/sc/17.28'.
(microtype)             Ignoring protrusion settings for this character.


[1


]

[2]

[3

]

[4

]

[5]

[6]
Underfull \hbox (badness 1152) in paragraph at lines 383--394
\TU/Palatino(0)/m/n/12 merely an instrument for something else, something that
 []



[7]

[8]

[9]

[10]

[11]

[12]

[13]

[14]

[15]

[16]

[17]

[18

]
Underfull \hbox (badness 1072) in paragraph at lines 840--845
\TU/Palatino(0)/m/n/12 students gathered during the day. The wood was worn
 []



[19]

[20]

[21]

[22]
Underfull \hbox (badness 1990) in paragraph at lines 992--998
[]\TU/Palatino(0)/m/n/12 The mohel recited blessings in Hebrew, words about
 []



[23]

[24]
Underfull \hbox (badness 2707) in paragraph at lines 1041--1044
\TU/Palatino(0)/m/n/12 but sincere, “Eloheinu melech ha-olam, asher kid’shanu
 []


Underfull \hbox (badness 1189) in paragraph at lines 1051--1053
[]\TU/Palatino(0)/m/n/12 Maktab stood in the cold water, naked and shivering
 []



[25]

[26]

[27]

[28]

[29]

[30]
Package microtype Info: Character `\textservicemark ' is missing
(microtype)             in font `\TU/Palatino(0)/b/n/17.28'.
(microtype)             Ignoring protrusion settings for this character.


[31

]
Underfull \hbox (badness 1158) in paragraph at lines 1234--1236
[]\TU/Palatino(0)/m/n/12 “Tomorrow we begin,” Shirin said, running her hand
 []



[32]

[33]
Underfull \hbox (badness 1226) in paragraph at lines 1336--1344
\TU/Palatino(0)/m/n/12 Maktab still whispered the Zoroastrian mantras privately
,
 []



[34]
Underfull \hbox (badness 1122) in paragraph at lines 1381--1388
\TU/Palatino(0)/m/n/12 wove consciously, deliberately, translating his stories 
into
 []



[35]

[36]

[37]
Underfull \hbox (badness 1917) in paragraph at lines 1469--1475
[]\TU/Palatino(0)/m/n/12 The patterns had become almost unbearably intricate.
 []


Underfull \hbox (badness 1082) in paragraph at lines 1469--1475
\TU/Palatino(0)/m/n/12 Where before she’d woven figures and symbols in broad
 []



[38]

[39]

[40]

[41]

[42]

[43]

[44]

[45]

[46

]

[47]

[48]

[49]
Underfull \hbox (badness 4569) in paragraph at lines 1891--1892
[]\TU/Palatino(0)/m/n/12 “So we changed religions once before,” David said
 []



[50]
Underfull \hbox (badness 1097) in paragraph at lines 1942--1947
\TU/Palatino(0)/m/n/12 faces were young and old at once, innocent and already
 []



[51]

[52]

[53]

[54]

[55]
Underfull \hbox (badness 3849) in paragraph at lines 2103--2106
[]\TU/Palatino(0)/m/n/12 “The fire continues,” a voice said—his grandmother
 []



[56]

[57]

[58]

[59

]

[60

]

[61]

[62]
Underfull \hbox (badness 1527) in paragraph at lines 2280--2288
[]\TU/Palatino(0)/m/n/12 “When I was a girl, my grandmother told me about
 []


Underfull \hbox (badness 5878) in paragraph at lines 2301--2306
[]\TU/Palatino(0)/m/n/12 “No.” David pushed forward through the crowd.
 []



[63]

[64]
Underfull \hbox (badness 2818) in paragraph at lines 2374--2378
\TU/Palatino(0)/m/n/12 arguments, tears. David’s family began planning their
 []



[65]
Underfull \hbox (badness 1194) in paragraph at lines 2409--2413
[]\TU/Palatino(0)/m/n/12 The conversion ceremony happened three weeks later,
 []



[66]
Underfull \hbox (badness 1067) in paragraph at lines 2452--2456
\TU/Palatino(0)/m/n/12 family would split now and remain split for generations.

 []


Underfull \hbox (badness 2512) in paragraph at lines 2461--2464
[]\TU/Palatino(0)/m/n/12 She returned to the house that was half-empty now.
 []



[67]

[68]

[69]
Underfull \hbox (badness 4168) in paragraph at lines 2531--2535
[]\TU/Palatino(0)/m/n/12 Ahmad Maktabian—Ibrahim’s grandson, who’d been
 []



[70

]
Underfull \hbox (badness 1286) in paragraph at lines 2538--2541
\TU/Palatino(0)/m/n/12 three stories of mud brick with a courtyard barely large

 []



[71]
Underfull \hbox (badness 1019) in paragraph at lines 2585--2590
[]\TU/Palatino(0)/m/n/12 They learned Arabic, though they spoke it with thick
 []



[72]

[73]
Underfull \hbox (badness 1033) in paragraph at lines 2659--2662
\TU/Palatino(0)/m/n/12 a wall in Rashid’s shop. Customers would ask about it
 []


Underfull \hbox (badness 10000) in paragraph at lines 2667--2671
[]\TU/Palatino(0)/m/n/12 “Persia. Isfahan. My great-grandfather’s
 []


Underfull \hbox (badness 10000) in paragraph at lines 2667--2671
\TU/Palatino(0)/m/n/12 work.” Which wasn’t quite right—it had been his
 []



[74]

[75]

[76]

[77]

[78]

[79]

[80]
Underfull \hbox (badness 1028) in paragraph at lines 2951--2952
[]\TU/Palatino(0)/m/n/12 The house of forgetting. But not complete forgetting.
 []



[81]

[82

]

[83

]

[84]

[85]
Underfull \hbox (badness 1975) in paragraph at lines 3100--3103
[]\TU/Palatino(0)/m/n/12 “Your father was a disappointment. His father was
 []



[86]

[87]

[88]

[89]
Underfull \hbox (badness 1320) in paragraph at lines 3229--3232
[]\TU/Palatino(0)/m/n/12 The first dealer hesitated, touching the patterns, the
n
 []



[90]

[91]

[92]

[93]

[94]
Underfull \hbox (badness 1163) in paragraph at lines 3409--3415
\TU/Palatino(0)/m/n/12 house, Baghdad \TU/Palatino(0)/b/n/12 POV Character\TU/P
alatino(0)/m/n/12 : Leah (Hassan’s mother,
 []


Underfull \hbox (badness 1968) in paragraph at lines 3430--3432
[]\TU/Palatino(0)/m/n/12 Leah rose, wrapped her shawl around her shoulders
 []



[95

]

[96]
Underfull \hbox (badness 1297) in paragraph at lines 3501--3508
[]\TU/Palatino(0)/m/n/12 They spent the morning trying to understand. Jamil
 []



[97]
Underfull \hbox (badness 10000) in paragraph at lines 3548--3549
[]\TU/Palatino(0)/m/n/12 “Grandmother,” Jamil said quietly. “Maybe you
 []



[98]
Underfull \hbox (badness 2846) in paragraph at lines 3563--3568
\TU/Palatino(0)/m/n/12 the pomegranate tree in their courtyard—the same tree,
 []



[99]
Underfull \hbox (badness 1565) in paragraph at lines 3597--3602
[]\TU/Palatino(0)/m/n/12 The visions came faster, overlapping. Centuries con-
 []



[100]

[101]

[102]

[103]
Underfull \hbox (badness 1675) in paragraph at lines 3746--3749
[]\TU/Palatino(0)/m/n/12 “That’s supposed to comfort me?” But Jalila smiled
 []



[104]
Underfull \hbox (badness 1259) in paragraph at lines 3789--3793
\TU/Palatino(0)/m/n/12 looked between them, these two fifteen-year-old children

 []


Underfull \hbox (badness 1178) in paragraph at lines 3789--3793
\TU/Palatino(0)/m/n/12 who’d been given impossible knowledge, impossible des-
 []



[105]
Underfull \hbox (badness 1789) in paragraph at lines 3848--3852
[]\TU/Palatino(0)/m/n/12 And the stars wheeled overhead, counting down the
 []



[106]

[107]
Underfull \hbox (badness 3229) in paragraph at lines 3856--3861
\TU/Palatino(0)/m/n/12 Jamil and Jalila (twins, ~25) \TU/Palatino(0)/b/n/12 Key
 Events\TU/Palatino(0)/m/n/12 : Twins share
 []


Underfull \hbox (badness 1755) in paragraph at lines 3856--3861
\TU/Palatino(0)/m/n/12 visions intensify; decision to eventually migrate patter
ns
 []



[108

]

[109]

[110]
Underfull \hbox (badness 1028) in paragraph at lines 3958--3963
\TU/Palatino(0)/m/n/12 might have been fear. Her brother—her twin, her other
 []



[111]

[112]
Underfull \hbox (badness 2961) in paragraph at lines 4052--4053
[]\TU/Palatino(0)/m/n/12 “What choice?” Jalila’s voice worked in this place-
 []



[113]

[114]

[115]

[116]

[117]

[118]
Underfull \hbox (badness 1132) in paragraph at lines 4229--4235
\TU/Palatino(0)/m/n/12 during drought and waiting years \TU/Palatino(0)/b/n/12 
POV Character\TU/Palatino(0)/m/n/12 : Brief
 []



[119

]

[120]

[121]

[122]

[123]

[124]

[125]

[126]

[127]
Underfull \hbox (badness 1502) in paragraph at lines 4565--4570
[]\TU/Palatino(0)/m/n/12 “The dead,” she continued. “I’ve always seen them.
 []



[128]

[129]
Underfull \hbox (badness 1348) in paragraph at lines 4607--4612
\TU/Palatino(0)/m/n/12 Jalila’s rooms and sleepwalking journeys \TU/Palatino(0)
/b/n/12 POV Character\TU/Palatino(0)/m/n/12 :
 []



[130

]

[131]

[132]

[133]

[134]
Underfull \hbox (badness 1019) in paragraph at lines 4797--4803
\TU/Palatino(0)/m/n/12 layered over each other: the Zoroastrian city, the Jewis
h
 []



[135]

[136]
Underfull \hbox (badness 1062) in paragraph at lines 4888--4891
[]\TU/Palatino(0)/m/n/12 The vision began to fade. Isfahan dissolved, Shirin’s
 []



[137]
Underfull \hbox (badness 4378) in paragraph at lines 4929--4932
[]\TU/Palatino(0)/m/n/12 Jamil, who’d been watching from the doorway, ap-
 []



[138]

[139]
Underfull \hbox (badness 2020) in paragraph at lines 5009--5012
[]\TU/Palatino(0)/m/n/12 And then she shouldered her pack—too heavy for a
 []



[140]

[141]

[142

]

[143

]

[144]

[145]

[146]

[147]
Underfull \hbox (badness 3884) in paragraph at lines 5226--5229
[]\TU/Palatino(0)/m/n/12 Farid felt something shift in his chest. His wife—
 []



[148]
Underfull \hbox (badness 1092) in paragraph at lines 5252--5254
[]\TU/Palatino(0)/m/n/12 Nabil, at eleven, understood enough to be frightened.
 []



[149]

[150]
Underfull \hbox (badness 1077) in paragraph at lines 5315--5318
[]\TU/Palatino(0)/m/n/12 Jalila stood with her eyes closed, feeling the moment.

 []



[151]

[152]
! Too many }'s.
l.5382 Character}
                 : Sahar (age 9) \textbf{Key Events}: Desert journey; Khalil's
You've closed more groups than you opened.
Such booboos are generally harmless, so keep going.



[153

]

[154]

[155]
Underfull \hbox (badness 2790) in paragraph at lines 5497--5500
[]\TU/Palatino(0)/m/n/12 “Pomegranate seeds,” Jalila said, returning to Khalil.

 []



[156]

[157]
Underfull \hbox (badness 10000) in paragraph at lines 5580--5586
[]\TU/Palatino(0)/m/n/12 “Because they remember what they came
 []


Underfull \hbox (badness 7963) in paragraph at lines 5580--5586
\TU/Palatino(0)/m/n/12 from. The pomegranate tree that appeared to your
 []



[158]

[159]
Underfull \hbox (badness 1286) in paragraph at lines 5640--5644
\TU/Palatino(0)/m/n/12 like themselves fleeing something toward something else.

 []



[160]

[161]

[162]

[163]

[164]

[165]

[166]
Underfull \hbox (badness 1939) in paragraph at lines 5917--5921
\TU/Palatino(0)/m/n/12 separating from her body—becoming younger, straighter,
 []



[167]

[168]
Underfull \hbox (badness 10000) in paragraph at lines 5975--5981
[]\TU/Palatino(0)/m/n/12 They’d spent the first two weeks sleeping in a
 []


Underfull \hbox (badness 4036) in paragraph at lines 5975--5981
\TU/Palatino(0)/m/n/12 caravanserai—a travelers’ inn near the port where you
 []



[169

]
Underfull \hbox (badness 1092) in paragraph at lines 6000--6003
[]\TU/Palatino(0)/m/n/12 But no benefactor had appeared. Just more rejection,
 []



[170]

[171]

[172]

[173]
Underfull \hbox (badness 1377) in paragraph at lines 6152--6160
\TU/Palatino(0)/m/n/12 places I could retrieve. The benefit of being a ghost is

 []



[174]

[175]

[176]
Underfull \hbox (badness 1997) in paragraph at lines 6273--6277
\TU/Palatino(0)/m/n/12 stance. His voice came from everywhere and nowhere.
 []


Underfull \hbox (badness 6641) in paragraph at lines 6296--6300
[]\TU/Palatino(0)/m/n/12 But it didn’t matter. Magic or luck or stubborn
 []



[177]

[178]

[179

]
Underfull \hbox (badness 1708) in paragraph at lines 6352--6358
\TU/Palatino(0)/m/n/12 it, proper meals three times a day. The transformation
 []



[180

]
Underfull \hbox (badness 3039) in paragraph at lines 6383--6389
[]\TU/Palatino(0)/m/n/12 And Khalil—eight years old, still fragile despite the
 []



[181]

[182]

[183]

[184]

[185]
Underfull \hbox (badness 1033) in paragraph at lines 6550--6553
\TU/Palatino(0)/m/n/12 times in Arabic, sometimes in Persian, sometimes in lan-

 []



[186]

[187]

[188]
Underfull \hbox (badness 1137) in paragraph at lines 6696--6698
[]\TU/Palatino(0)/m/n/12 “Not alone,” Sahar corrected. “They’re in the carpet.
 []



[189]

[190]
Underfull \hbox (badness 1178) in paragraph at lines 6727--6733
[]\TU/Palatino(0)/m/n/12 He was perhaps twenty-five, tall and fair in the way
 []



[191

]

[192]

[193]

[194]

[195]

[196]
Underfull \hbox (badness 2393) in paragraph at lines 6932--6935
[]\TU/Palatino(0)/m/n/12 They walked through Beirut’s streets, chaperoned by
 []



[197]

[198]

[199]
Overfull \hbox (0.52618pt too wide) in paragraph at lines 7049--7055
\TU/Palatino(0)/m/n/12 16-18) \TU/Palatino(0)/b/n/12 Key Events\TU/Palatino(0)/
m/n/12 : Sahar’s deepening study of carpet; walking
 []



[200

]
Underfull \hbox (badness 1675) in paragraph at lines 7089--7092
[]\TU/Palatino(0)/m/n/12 “You’re trying too hard,” her mother Rania said one
 []



[201]
Overfull \hbox (0.72878pt too wide) in paragraph at lines 7115--7122
\TU/Palatino(0)/m/n/12 Her mother’s eyes were kind but serious. “You’ve been ch
osen.
 []



[202]

[203]

[204]
Underfull \hbox (badness 1609) in paragraph at lines 7225--7227
[]\TU/Palatino(0)/m/n/12 And countless others—generations Sahar didn’t know,
 []


Underfull \hbox (badness 10000) in paragraph at lines 7244--7249
[]\TU/Palatino(0)/m/n/12 Yousef said: “I’ve been watching you, great-
 []


Underfull \hbox (badness 2057) in paragraph at lines 7244--7249
\TU/Palatino(0)/m/n/12 granddaughter of my line. I’ve seen you studying the
 []



[205]

[206]
Underfull \hbox (badness 1019) in paragraph at lines 7290--7292
\TU/Palatino(0)/m/n/12 tween living and dead, between ordinary life and magic.
 []



[207]

[208]

[209]
Underfull \hbox (badness 1117) in paragraph at lines 7417--7420
\TU/Palatino(0)/m/n/12 will be after me. It’s the family’s most important role—

 []



[210]
Underfull \hbox (badness 6658) in paragraph at lines 7473--7478
\TU/Palatino(0)/m/n/12 light. Inside the shop, three siblings sat with their
 []



[211]

[212

]

[213]
Underfull \hbox (badness 2229) in paragraph at lines 7565--7568
[]\TU/Palatino(0)/m/n/12 “You write like someone who’s lived multiple lives.”
 []



[214]
Underfull \hbox (badness 1147) in paragraph at lines 7592--7598
\TU/Palatino(0)/m/n/12 way French men sometimes were—dark curls, expressive
 []



[215]

[216]
Underfull \hbox (badness 1147) in paragraph at lines 7691--7693
[]\TU/Palatino(0)/m/n/12 “That’s beautiful,” Sahar whispered when he finished.
 []



[217]

[218]

[219]

[220

]
Underfull \hbox (badness 1102) in paragraph at lines 7780--7785
\TU/Palatino(0)/m/n/12 carpet magic protects them; survival through catastrophe

 []



[221

]
Underfull \hbox (badness 10000) in paragraph at lines 7837--7841
[]\TU/Palatino(0)/m/n/12 The Maktabian family bartered carpets for
 []



[222]

[223]

[224]

[225]

[226]

[227]

[228]

[229]

[230]
Underfull \hbox (badness 2707) in paragraph at lines 8150--8153
[]\TU/Palatino(0)/m/n/12 “We’re Lebanese now,” he announced at dinner one
 []



[231

]

[232]
Underfull \hbox (badness 2781) in paragraph at lines 8198--8201
[]\TU/Palatino(0)/m/n/12 When their first child was born—a son they named
 []



[233]
Underfull \hbox (badness 1377) in paragraph at lines 8235--8240
\TU/Palatino(0)/m/n/12 Nabil’s engagement party was held at a French hotel in
 []


Underfull \hbox (badness 1253) in paragraph at lines 8241--8244
[]\TU/Palatino(0)/m/n/12 Sahar attended reluctantly, wearing a dress her sister
-
 []


Underfull \hbox (badness 10000) in paragraph at lines 8249--8251
[]\TU/Palatino(0)/m/n/12 “It’s family heritage,” Sahar explained carefully.
 []


Underfull \hbox (badness 1178) in paragraph at lines 8255--8259
\TU/Palatino(0)/m/n/12 maps our family’s transformations across four centuries—

 []



[234]

[235]
Underfull \hbox (badness 1460) in paragraph at lines 8326--8330
[]\TU/Palatino(0)/m/n/12 He was busy building his business empire, attending
 []



[236]
Underfull \hbox (badness 1024) in paragraph at lines 8345--8351
\TU/Palatino(0)/m/n/12 acknowledging the centuries of transformation that made
 []


Underfull \hbox (badness 2302) in paragraph at lines 8367--8369
[]\TU/Palatino(0)/m/n/12 “We made it,” Farid said. “From Baghdad to here.
 []



[237]

[238]

[239]

[240]
Underfull \hbox (badness 1052) in paragraph at lines 8493--8499
\TU/Palatino(0)/m/n/12 shop, after WWI \TU/Palatino(0)/b/n/12 POV Character\TU/
Palatino(0)/m/n/12 : Sahar (age 28-30) \TU/Palatino(0)/b/n/12 Key
 []



[241

]
Underfull \hbox (badness 1048) in paragraph at lines 8517--8521
[]\TU/Palatino(0)/m/n/12 But she hadn’t communed with the carpet fully since
 []



[242]

[243]

[244]
Underfull \hbox (badness 1681) in paragraph at lines 8648--8650
[]\TU/Palatino(0)/m/n/12 “But what if modernization means magic disappears?
 []



[245]

[246]
Underfull \hbox (badness 1057) in paragraph at lines 8714--8718
\TU/Palatino(0)/m/n/12 part understood that knowing might paralyze her, might
 []



[247]
Underfull \hbox (badness 2762) in paragraph at lines 8731--8733
[]\TU/Palatino(0)/m/n/12 Saw the thread stretching forward into a future she
 []



[248]

[249]
Underfull \hbox (badness 1077) in paragraph at lines 8824--8827
\TU/Palatino(0)/m/n/12 chants opening shops, bread baking, children heading to
 []



[250]

[251

]

[252]

[253]
Underfull \hbox (badness 1215) in paragraph at lines 8963--8969
[]\TU/Palatino(0)/m/n/12 So Sahar learned to weave. Her hands were clumsy
 []


Underfull \hbox (badness 1092) in paragraph at lines 8963--8969
\TU/Palatino(0)/m/n/12 of the muscle memory that made weaving smooth. But
 []



[254]

[255]
Underfull \hbox (badness 4024) in paragraph at lines 9030--9033
[]\TU/Palatino(0)/m/n/12 The baby was born with green eyes. Impossible—
 []



[256]
Underfull \hbox (badness 1005) in paragraph at lines 9057--9061
[]\TU/Palatino(0)/m/n/12 She went peacefully, in her sleep, her work complete.
 []


Underfull \hbox (badness 1067) in paragraph at lines 9062--9065
\TU/Palatino(0)/m/n/12 already, the hardness of survival melting away now that
 []



[257]

[258]

[259]

[260]
Underfull \hbox (badness 1005) in paragraph at lines 9208--9210
[]\TU/Palatino(0)/m/n/12 A great-great-granddaughter who would write a book
 []



[261]

[262]

[263]
\tf@toc=\write4
\openout4 = `THE_MAKTABIAN_CHRONICLES_FINAL.toc'.

(./THE_MAKTABIAN_CHRONICLES_FINAL.aux)
 ***********
LaTeX2e <2024-11-01> patch level 2
L3 programming layer <2020/03/25>
 ***********

LaTeX Font Warning: Some font shapes were not available, defaults substituted.

 ) 
Here is how much of TeX's memory you used:
 10400 strings out of 475366
 217509 string characters out of 5762340
 712666 words of memory out of 5000000
 33271 multiletter control sequences out of 15000+600000
 562734 words of font info for 79 fonts, out of 8000000 for 9000
 319 hyphenation exceptions out of 8191
 85i,13n,93p,1027b,291s stack positions out of 10000i,1000n,20000p,200000b,200000s

Output written on THE_MAKTABIAN_CHRONICLES_FINAL.pdf (273 pages).
